[1027/212912:ERROR:process_reader_win.cc(233)] ReadMemory at 0x73200000 of 64 bytes failed: 仅完成部分的 ReadProcessMemory 或 WriteProcessMemory 请求。 (0x12B)
[1027/212912:WARNING:pe_image_reader.cc(281)] could not read dos header from C:\Program Files (x86)\Google\Chrome\Application\54.0.2840.71\chrome_elf.dll
[1027/212912:ERROR:process_reader_win.cc(233)] ReadMemory at 0x74880000 of 64 bytes failed: 仅完成部分的 ReadProcessMemory 或 WriteProcessMemory 请求。 (0x12B)
[1027/212912:WARNING:pe_image_reader.cc(281)] could not read dos header from C:\windows\SYSTEM32\cfgmgr32.dll
[1027/212912:ERROR:process_reader_win.cc(233)] ReadMemory at 0x75010000 of 64 bytes failed: 仅完成部分的 ReadProcessMemory 或 WriteProcessMemory 请求。 (0x12B)
[1027/212912:WARNING:pe_image_reader.cc(281)] could not read dos header from C:\windows\SYSTEM32\combase.dll
[1027/212912:ERROR:process_reader_win.cc(233)] ReadMemory at 0x77320000 of 64 bytes failed: 仅完成部分的 ReadProcessMemory 或 WriteProcessMemory 请求。 (0x12B)
[1027/212912:WARNING:pe_image_reader.cc(281)] could not read dos header from C:\windows\SYSTEM32\USER32.dll
[1027/212912:ERROR:process_reader_win.cc(233)] ReadMemory at 0x74d90000 of 64 bytes failed: 仅完成部分的 ReadProcessMemory 或 WriteProcessMemory 请求。 (0x12B)
[1027/212912:WARNING:pe_image_reader.cc(281)] could not read dos header from C:\windows\SYSTEM32\GDI32.dll
[1027/212912:ERROR:process_reader_win.cc(233)] ReadMemory at 0x75b10000 of 64 bytes failed: 仅完成部分的 ReadProcessMemory 或 WriteProcessMemory 请求。 (0x12B)
[1027/212912:WARNING:pe_image_reader.cc(281)] could not read dos header from C:\windows\SYSTEM32\IMM32.DLL
[1027/212912:ERROR:process_reader_win.cc(233)] ReadMemory at 0x772c0000 of 64 bytes failed: 仅完成部分的 ReadProcessMemory 或 WriteProcessMemory 请求。 (0x12B)
[1027/212912:WARNING:pe_image_reader.cc(281)] could not read dos header from C:\windows\SYSTEM32\shlwapi.dll
[1027/212912:ERROR:process_reader_win.cc(233)] ReadMemory at 0x75000000 of 64 bytes failed: 仅完成部分的 ReadProcessMemory 或 WriteProcessMemory 请求。 (0x12B)
[1027/212912:WARNING:pe_image_reader.cc(281)] could not read dos header from C:\windows\SYSTEM32\kernel.appcore.dll
[1027/212912:ERROR:process_reader_win.cc(233)] ReadMemory at 0x748c0000 of 64 bytes failed: 仅完成部分的 ReadProcessMemory 或 WriteProcessMemory 请求。 (0x12B)
[1027/212912:WARNING:pe_image_reader.cc(281)] could not read dos header from C:\windows\SYSTEM32\shcore.dll
[1027/212912:ERROR:process_reader_win.cc(233)] ReadMemory at 0x75c20000 of 64 bytes failed: 仅完成部分的 ReadProcessMemory 或 WriteProcessMemory 请求。 (0x12B)
[1027/212912:WARNING:pe_image_reader.cc(281)] could not read dos header from C:\windows\SYSTEM32\powrprof.dll
[1027/212912:ERROR:process_reader_win.cc(233)] ReadMemory at 0x77ac0000 of 64 bytes failed: 仅完成部分的 ReadProcessMemory 或 WriteProcessMemory 请求。 (0x12B)
[1027/212912:WARNING:pe_image_reader.cc(281)] could not read dos header from C:\windows\SYSTEM32\profapi.dll
[1027/212912:ERROR:process_reader_win.cc(233)] ReadMemory at 0x755b0000 of 64 bytes failed: 仅完成部分的 ReadProcessMemory 或 WriteProcessMemory 请求。 (0x12B)
[1027/212912:WARNING:pe_image_reader.cc(281)] could not read dos header from C:\windows\SYSTEM32\windows.storage.dll
[1027/212912:ERROR:process_reader_win.cc(233)] ReadMemory at 0x75ea0000 of 64 bytes failed: 仅完成部分的 ReadProcessMemory 或 WriteProcessMemory 请求。 (0x12B)
[1027/212912:WARNING:pe_image_reader.cc(281)] could not read dos header from C:\windows\SYSTEM32\SHELL32.dll
[1027/212912:ERROR:process_reader_win.cc(233)] ReadMemory at 0x742f0000 of 64 bytes failed: 仅完成部分的 ReadProcessMemory 或 WriteProcessMemory 请求。 (0x12B)
[1027/212912:WARNING:pe_image_reader.cc(281)] could not read dos header from C:\windows\SYSTEM32\WINMMBASE.dll
[1027/212912:ERROR:process_reader_win.cc(233)] ReadMemory at 0x74320000 of 64 bytes failed: 仅完成部分的 ReadProcessMemory 或 WriteProcessMemory 请求。 (0x12B)
[1027/212912:WARNING:pe_image_reader.cc(281)] could not read dos header from C:\windows\SYSTEM32\WINMM.dll
[1027/212912:ERROR:process_reader_win.cc(233)] ReadMemory at 0x74720000 of 64 bytes failed: 仅完成部分的 ReadProcessMemory 或 WriteProcessMemory 请求。 (0x12B)
[1027/212912:WARNING:pe_image_reader.cc(281)] could not read dos header from C:\windows\SYSTEM32\WTSAPI32.dll
[1027/212912:ERROR:process_reader_win.cc(233)] ReadMemory at 0x74110000 of 64 bytes failed: 仅完成部分的 ReadProcessMemory 或 WriteProcessMemory 请求。 (0x12B)
[1027/212912:WARNING:pe_image_reader.cc(281)] could not read dos header from C:\windows\SYSTEM32\WINHTTP.dll
[1027/212912:ERROR:process_reader_win.cc(233)] ReadMemory at 0x74950000 of 64 bytes failed: 仅完成部分的 ReadProcessMemory 或 WriteProcessMemory 请求。 (0x12B)
[1027/212912:WARNING:pe_image_reader.cc(281)] could not read dos header from C:\windows\SYSTEM32\ole32.dll
[1027/212912:ERROR:process_reader_win.cc(233)] ReadMemory at 0x74cf0000 of 64 bytes failed: 仅完成部分的 ReadProcessMemory 或 WriteProcessMemory 请求。 (0x12B)
[1027/212912:WARNING:pe_image_reader.cc(281)] could not read dos header from C:\windows\SYSTEM32\OLEAUT32.dll
[1027/212912:ERROR:process_reader_win.cc(233)] ReadMemory at 0x75540000 of 64 bytes failed: 仅完成部分的 ReadProcessMemory 或 WriteProcessMemory 请求。 (0x12B)
[1027/212912:WARNING:pe_image_reader.cc(281)] could not read dos header from C:\windows\SYSTEM32\PSAPI.DLL
[1027/212912:ERROR:process_reader_win.cc(233)] ReadMemory at 0x74ee0000 of 64 bytes failed: 仅完成部分的 ReadProcessMemory 或 WriteProcessMemory 请求。 (0x12B)
[1027/212912:WARNING:pe_image_reader.cc(281)] could not read dos header from C:\windows\SYSTEM32\WS2_32.dll
[1027/212912:ERROR:process_reader_win.cc(233)] ReadMemory at 0x772a0000 of 64 bytes failed: 仅完成部分的 ReadProcessMemory 或 WriteProcessMemory 请求。 (0x12B)
[1027/212912:WARNING:pe_image_reader.cc(281)] could not read dos header from C:\windows\SYSTEM32\NETAPI32.dll
[1027/212912:ERROR:process_reader_win.cc(233)] ReadMemory at 0x73350000 of 64 bytes failed: 仅完成部分的 ReadProcessMemory 或 WriteProcessMemory 请求。 (0x12B)
[1027/212912:WARNING:pe_image_reader.cc(281)] could not read dos header from C:\windows\SYSTEM32\NETUTILS.DLL
[1027/212912:ERROR:process_reader_win.cc(233)] ReadMemory at 0x732a0000 of 64 bytes failed: 仅完成部分的 ReadProcessMemory 或 WriteProcessMemory 请求。 (0x12B)
[1027/212912:WARNING:pe_image_reader.cc(281)] could not read dos header from C:\windows\SYSTEM32\bcrypt.dll
[1027/212912:ERROR:process_reader_win.cc(233)] ReadMemory at 0x732c0000 of 64 bytes failed: 仅完成部分的 ReadProcessMemory 或 WriteProcessMemory 请求。 (0x12B)
[1027/212912:WARNING:pe_image_reader.cc(281)] could not read dos header from C:\windows\SYSTEM32\WKSCLI.DLL
[1027/212912:ERROR:process_reader_win.cc(233)] ReadMemory at 0x6edb0000 of 64 bytes failed: 仅完成部分的 ReadProcessMemory 或 WriteProcessMemory 请求。 (0x12B)
[1027/212912:WARNING:pe_image_reader.cc(281)] could not read dos header from D:\Program Files\360\360SAFE\safemon\safemon.dll
[1027/212912:ERROR:process_reader_win.cc(233)] ReadMemory at 0x6fbd0000 of 64 bytes failed: 仅完成部分的 ReadProcessMemory 或 WriteProcessMemory 请求。 (0x12B)
[1027/212912:WARNING:pe_image_reader.cc(281)] could not read dos header from D:\Program Files\360\360SAFE\safemon\iNetSafe.dll
[1027/212912:ERROR:process_reader_win.cc(233)] ReadMemory at 0x74730000 of 64 bytes failed: 仅完成部分的 ReadProcessMemory 或 WriteProcessMemory 请求。 (0x12B)
[1027/212912:WARNING:pe_image_reader.cc(281)] could not read dos header from C:\windows\SYSTEM32\USERENV.dll
[1027/212912:ERROR:process_reader_win.cc(233)] ReadMemory at 0x741b0000 of 64 bytes failed: 仅完成部分的 ReadProcessMemory 或 WriteProcessMemory 请求。 (0x12B)
[1027/212912:WARNING:pe_image_reader.cc(281)] could not read dos header from C:\windows\SYSTEM32\dbghelp.dll
[1027/212912:ERROR:process_reader_win.cc(233)] ReadMemory at 0x70200000 of 64 bytes failed: 仅完成部分的 ReadProcessMemory 或 WriteProcessMemory 请求。 (0x12B)
[1027/212912:WARNING:pe_image_reader.cc(281)] could not read dos header from C:\windows\WinSxS\x86_microsoft.windows.common-controls_6595b64144ccf1df_6.0.10586.0_none_d3c2e4e965da4528\COMCTL32.dll
[1027/212912:ERROR:process_reader_win.cc(233)] ReadMemory at 0x75ab0000 of 64 bytes failed: 仅完成部分的 ReadProcessMemory 或 WriteProcessMemory 请求。 (0x12B)
[1027/212912:WARNING:pe_image_reader.cc(281)] could not read dos header from C:\windows\SYSTEM32\FirewallAPI.dll
[1027/212912:ERROR:process_reader_win.cc(233)] ReadMemory at 0x72fb0000 of 64 bytes failed: 仅完成部分的 ReadProcessMemory 或 WriteProcessMemory 请求。 (0x12B)
[1027/212912:WARNING:pe_image_reader.cc(281)] could not read dos header from C:\windows\SYSTEM32\fwbase.dll
[1027/212912:ERROR:process_reader_win.cc(233)] ReadMemory at 0x73360000 of 64 bytes failed: 仅完成部分的 ReadProcessMemory 或 WriteProcessMemory 请求。 (0x12B)
[1027/212912:WARNING:pe_image_reader.cc(281)] could not read dos header from C:\windows\SYSTEM32\DAVHLPR.DLL
[1027/212912:ERROR:process_reader_win.cc(233)] ReadMemory at 0x75c70000 of 64 bytes failed: 仅完成部分的 ReadProcessMemory 或 WriteProcessMemory 请求。 (0x12B)
[1027/212912:WARNING:pe_image_reader.cc(281)] could not read dos header from C:\windows\SYSTEM32\COMDLG32.dll
[1027/212912:ERROR:process_reader_win.cc(233)] ReadMemory at 0x6a760000 of 64 bytes failed: 仅完成部分的 ReadProcessMemory 或 WriteProcessMemory 请求。 (0x12B)
[1027/212912:WARNING:pe_image_reader.cc(281)] could not read dos header from C:\windows\SYSTEM32\USP10.dll
[1027/212912:ERROR:process_reader_win.cc(233)] ReadMemory at 0x698e0000 of 64 bytes failed: 仅完成部分的 ReadProcessMemory 或 WriteProcessMemory 请求。 (0x12B)
[1027/212912:WARNING:pe_image_reader.cc(281)] could not read dos header from C:\windows\SYSTEM32\WINSPOOL.DRV
[1027/212912:ERROR:process_reader_win.cc(233)] ReadMemory at 0x74550000 of 64 bytes failed: 仅完成部分的 ReadProcessMemory 或 WriteProcessMemory 请求。 (0x12B)
[1027/212912:WARNING:pe_image_reader.cc(281)] could not read dos header from C:\windows\SYSTEM32\IPHLPAPI.DLL
[1027/212912:ERROR:process_reader_win.cc(233)] ReadMemory at 0x73e80000 of 64 bytes failed: 仅完成部分的 ReadProcessMemory 或 WriteProcessMemory 请求。 (0x12B)
[1027/212912:WARNING:pe_image_reader.cc(281)] could not read dos header from C:\windows\SYSTEM32\Secur32.dll
[1027/212912:ERROR:process_reader_win.cc(233)] ReadMemory at 0x6f3d0000 of 64 bytes failed: 仅完成部分的 ReadProcessMemory 或 WriteProcessMemory 请求。 (0x12B)
[1027/212912:WARNING:pe_image_reader.cc(281)] could not read dos header from C:\windows\SYSTEM32\DWrite.dll
[1027/212912:ERROR:process_reader_win.cc(233)] ReadMemory at 0x75d70000 of 64 bytes failed: 仅完成部分的 ReadProcessMemory 或 WriteProcessMemory 请求。 (0x12B)
[1027/212912:WARNING:pe_image_reader.cc(281)] could not read dos header from C:\windows\SYSTEM32\MSASN1.dll
[1027/212912:ERROR:process_reader_win.cc(233)] ReadMemory at 0x753a0000 of 64 bytes failed: 仅完成部分的 ReadProcessMemory 或 WriteProcessMemory 请求。 (0x12B)
[1027/212912:WARNING:pe_image_reader.cc(281)] could not read dos header from C:\windows\SYSTEM32\CRYPT32.dll
[1027/212912:ERROR:process_reader_win.cc(233)] ReadMemory at 0x74fb0000 of 64 bytes failed: 仅完成部分的 ReadProcessMemory 或 WriteProcessMemory 请求。 (0x12B)
[1027/212912:WARNING:pe_image_reader.cc(281)] could not read dos header from C:\windows\SYSTEM32\WINTRUST.dll
[1027/212912:ERROR:process_reader_win.cc(233)] ReadMemory at 0x5c1e0000 of 64 bytes failed: 仅完成部分的 ReadProcessMemory 或 WriteProcessMemory 请求。 (0x12B)
[1027/212912:WARNING:pe_image_reader.cc(281)] could not read dos header from C:\Program Files (x86)\Google\Chrome\Application\54.0.2840.71\chrome_child.dll
[1027/212912:ERROR:process_reader_win.cc(233)] ReadMemory at 0xb60000 of 64 bytes failed: 仅完成部分的 ReadProcessMemory 或 WriteProcessMemory 请求。 (0x12B)
[1027/212912:WARNING:pe_image_reader.cc(281)] could not read dos header from C:\Program Files (x86)\Google\Chrome\Application\chrome.exe
[1027/212912:ERROR:process_reader_win.cc(233)] ReadMemory at 0x77ad0000 of 64 bytes failed: 仅完成部分的 ReadProcessMemory 或 WriteProcessMemory 请求。 (0x12B)
[1027/212912:WARNING:pe_image_reader.cc(281)] could not read dos header from C:\windows\SYSTEM32\ntdll.dll
[1027/212912:ERROR:process_reader_win.cc(233)] ReadMemory at 0x74b70000 of 64 bytes failed: 仅完成部分的 ReadProcessMemory 或 WriteProcessMemory 请求。 (0x12B)
[1027/212912:WARNING:pe_image_reader.cc(281)] could not read dos header from C:\windows\SYSTEM32\KERNELBASE.dll
[1027/212912:ERROR:process_reader_win.cc(233)] ReadMemory at 0x75b40000 of 64 bytes failed: 仅完成部分的 ReadProcessMemory 或 WriteProcessMemory 请求。 (0x12B)
[1027/212912:WARNING:pe_image_reader.cc(281)] could not read dos header from C:\windows\SYSTEM32\KERNEL32.DLL
[1027/212912:ERROR:process_reader_win.cc(233)] ReadMemory at 0x74750000 of 64 bytes failed: 仅完成部分的 ReadProcessMemory 或 WriteProcessMemory 请求。 (0x12B)
[1027/212912:WARNING:pe_image_reader.cc(281)] could not read dos header from C:\windows\system32\apphelp.dll
[1027/212912:ERROR:process_reader_win.cc(233)] ReadMemory at 0x77560000 of 64 bytes failed: 仅完成部分的 ReadProcessMemory 或 WriteProcessMemory 请求。 (0x12B)
[1027/212912:WARNING:pe_image_reader.cc(281)] could not read dos header from C:\windows\SYSTEM32\msvcrt.dll
[1027/212912:ERROR:process_reader_win.cc(233)] ReadMemory at 0x74820000 of 64 bytes failed: 仅完成部分的 ReadProcessMemory 或 WriteProcessMemory 请求。 (0x12B)
[1027/212912:WARNING:pe_image_reader.cc(281)] could not read dos header from C:\windows\SYSTEM32\bcryptPrimitives.dll
[1027/212912:ERROR:process_reader_win.cc(233)] ReadMemory at 0x747f0000 of 64 bytes failed: 仅完成部分的 ReadProcessMemory 或 WriteProcessMemory 请求。 (0x12B)
[1027/212912:WARNING:pe_image_reader.cc(281)] could not read dos header from C:\windows\SYSTEM32\CRYPTBASE.dll
[1027/212912:ERROR:process_reader_win.cc(233)] ReadMemory at 0x74800000 of 64 bytes failed: 仅完成部分的 ReadProcessMemory 或 WriteProcessMemory 请求。 (0x12B)
[1027/212912:WARNING:pe_image_reader.cc(281)] could not read dos header from C:\windows\SYSTEM32\SspiCli.dll
[1027/212912:ERROR:process_reader_win.cc(233)] ReadMemory at 0x74ac0000 of 64 bytes failed: 仅完成部分的 ReadProcessMemory 或 WriteProcessMemory 请求。 (0x12B)
[1027/212912:WARNING:pe_image_reader.cc(281)] could not read dos header from C:\windows\SYSTEM32\RPCRT4.dll
[1027/212912:ERROR:process_reader_win.cc(233)] ReadMemory at 0x77510000 of 64 bytes failed: 仅完成部分的 ReadProcessMemory 或 WriteProcessMemory 请求。 (0x12B)
[1027/212912:WARNING:pe_image_reader.cc(281)] could not read dos header from C:\windows\SYSTEM32\sechost.dll
[1027/212912:ERROR:process_reader_win.cc(233)] ReadMemory at 0x74a40000 of 64 bytes failed: 仅完成部分的 ReadProcessMemory 或 WriteProcessMemory 请求。 (0x12B)
[1027/212912:WARNING:pe_image_reader.cc(281)] could not read dos header from C:\windows\SYSTEM32\ADVAPI32.dll
[1027/212912:ERROR:process_reader_win.cc(233)] ReadMemory at 0x74710000 of 64 bytes failed: 仅完成部分的 ReadProcessMemory 或 WriteProcessMemory 请求。 (0x12B)
[1027/212912:WARNING:pe_image_reader.cc(281)] could not read dos header from C:\windows\SYSTEM32\VERSION.dll
[1027/212912:ERROR:process_reader_win.cc(233)] ReadMemory at 0x73200000 of 64 bytes failed: 仅完成部分的 ReadProcessMemory 或 WriteProcessMemory 请求。 (0x12B)
[1027/212912:WARNING:pe_image_reader.cc(281)] could not read dos header from C:\Program Files (x86)\Google\Chrome\Application\54.0.2840.71\chrome_elf.dll
[1027/212912:ERROR:process_reader_win.cc(233)] ReadMemory at 0x74880000 of 64 bytes failed: 仅完成部分的 ReadProcessMemory 或 WriteProcessMemory 请求。 (0x12B)
[1027/212912:WARNING:pe_image_reader.cc(281)] could not read dos header from C:\windows\SYSTEM32\cfgmgr32.dll
[1027/212912:ERROR:process_reader_win.cc(233)] ReadMemory at 0x75010000 of 64 bytes failed: 仅完成部分的 ReadProcessMemory 或 WriteProcessMemory 请求。 (0x12B)
[1027/212912:WARNING:pe_image_reader.cc(281)] could not read dos header from C:\windows\SYSTEM32\combase.dll
[1027/212912:ERROR:process_reader_win.cc(233)] ReadMemory at 0x77320000 of 64 bytes failed: 仅完成部分的 ReadProcessMemory 或 WriteProcessMemory 请求。 (0x12B)
[1027/212912:WARNING:pe_image_reader.cc(281)] could not read dos header from C:\windows\SYSTEM32\USER32.dll
[1027/212912:ERROR:process_reader_win.cc(233)] ReadMemory at 0x74d90000 of 64 bytes failed: 仅完成部分的 ReadProcessMemory 或 WriteProcessMemory 请求。 (0x12B)
[1027/212912:WARNING:pe_image_reader.cc(281)] could not read dos header from C:\windows\SYSTEM32\GDI32.dll
[1027/212912:ERROR:process_reader_win.cc(233)] ReadMemory at 0x75b10000 of 64 bytes failed: 仅完成部分的 ReadProcessMemory 或 WriteProcessMemory 请求。 (0x12B)
[1027/212912:WARNING:pe_image_reader.cc(281)] could not read dos header from C:\windows\SYSTEM32\IMM32.DLL
[1027/212912:ERROR:process_reader_win.cc(233)] ReadMemory at 0x772c0000 of 64 bytes failed: 仅完成部分的 ReadProcessMemory 或 WriteProcessMemory 请求。 (0x12B)
[1027/212912:WARNING:pe_image_reader.cc(281)] could not read dos header from C:\windows\SYSTEM32\shlwapi.dll
[1027/212912:ERROR:process_reader_win.cc(233)] ReadMemory at 0x75000000 of 64 bytes failed: 仅完成部分的 ReadProcessMemory 或 WriteProcessMemory 请求。 (0x12B)
[1027/212912:WARNING:pe_image_reader.cc(281)] could not read dos header from C:\windows\SYSTEM32\kernel.appcore.dll
[1027/212912:ERROR:process_reader_win.cc(233)] ReadMemory at 0x748c0000 of 64 bytes failed: 仅完成部分的 ReadProcessMemory 或 WriteProcessMemory 请求。 (0x12B)
[1027/212912:WARNING:pe_image_reader.cc(281)] could not read dos header from C:\windows\SYSTEM32\shcore.dll
[1027/212912:ERROR:process_reader_win.cc(233)] ReadMemory at 0x75c20000 of 64 bytes failed: 仅完成部分的 ReadProcessMemory 或 WriteProcessMemory 请求。 (0x12B)
[1027/212912:WARNING:pe_image_reader.cc(281)] could not read dos header from C:\windows\SYSTEM32\powrprof.dll
[1027/212912:ERROR:process_reader_win.cc(233)] ReadMemory at 0x77ac0000 of 64 bytes failed: 仅完成部分的 ReadProcessMemory 或 WriteProcessMemory 请求。 (0x12B)
[1027/212912:WARNING:pe_image_reader.cc(281)] could not read dos header from C:\windows\SYSTEM32\profapi.dll
[1027/212912:ERROR:process_reader_win.cc(233)] ReadMemory at 0x755b0000 of 64 bytes failed: 仅完成部分的 ReadProcessMemory 或 WriteProcessMemory 请求。 (0x12B)
[1027/212912:WARNING:pe_image_reader.cc(281)] could not read dos header from C:\windows\SYSTEM32\windows.storage.dll
[1027/212912:ERROR:process_reader_win.cc(233)] ReadMemory at 0x75ea0000 of 64 bytes failed: 仅完成部分的 ReadProcessMemory 或 WriteProcessMemory 请求。 (0x12B)
[1027/212912:WARNING:pe_image_reader.cc(281)] could not read dos header from C:\windows\SYSTEM32\SHELL32.dll
[1027/212912:ERROR:process_reader_win.cc(233)] ReadMemory at 0x742f0000 of 64 bytes failed: 仅完成部分的 ReadProcessMemory 或 WriteProcessMemory 请求。 (0x12B)
[1027/212912:WARNING:pe_image_reader.cc(281)] could not read dos header from C:\windows\SYSTEM32\WINMMBASE.dll
[1027/212912:ERROR:process_reader_win.cc(233)] ReadMemory at 0x74320000 of 64 bytes failed: 仅完成部分的 ReadProcessMemory 或 WriteProcessMemory 请求。 (0x12B)
[1027/212912:WARNING:pe_image_reader.cc(281)] could not read dos header from C:\windows\SYSTEM32\WINMM.dll
[1027/212912:ERROR:process_reader_win.cc(233)] ReadMemory at 0x74720000 of 64 bytes failed: 仅完成部分的 ReadProcessMemory 或 WriteProcessMemory 请求。 (0x12B)
[1027/212912:WARNING:pe_image_reader.cc(281)] could not read dos header from C:\windows\SYSTEM32\WTSAPI32.dll
[1027/212912:ERROR:process_reader_win.cc(233)] ReadMemory at 0x74110000 of 64 bytes failed: 仅完成部分的 ReadProcessMemory 或 WriteProcessMemory 请求。 (0x12B)
[1027/212912:WARNING:pe_image_reader.cc(281)] could not read dos header from C:\windows\SYSTEM32\WINHTTP.dll
[1027/212912:ERROR:process_reader_win.cc(233)] ReadMemory at 0x74950000 of 64 bytes failed: 仅完成部分的 ReadProcessMemory 或 WriteProcessMemory 请求。 (0x12B)
[1027/212912:WARNING:pe_image_reader.cc(281)] could not read dos header from C:\windows\SYSTEM32\ole32.dll
[1027/212912:ERROR:process_reader_win.cc(233)] ReadMemory at 0x74cf0000 of 64 bytes failed: 仅完成部分的 ReadProcessMemory 或 WriteProcessMemory 请求。 (0x12B)
[1027/212912:WARNING:pe_image_reader.cc(281)] could not read dos header from C:\windows\SYSTEM32\OLEAUT32.dll
[1027/212912:ERROR:process_reader_win.cc(233)] ReadMemory at 0x75540000 of 64 bytes failed: 仅完成部分的 ReadProcessMemory 或 WriteProcessMemory 请求。 (0x12B)
[1027/212912:WARNING:pe_image_reader.cc(281)] could not read dos header from C:\windows\SYSTEM32\PSAPI.DLL
[1027/212912:ERROR:process_reader_win.cc(233)] ReadMemory at 0x74ee0000 of 64 bytes failed: 仅完成部分的 ReadProcessMemory 或 WriteProcessMemory 请求。 (0x12B)
[1027/212912:WARNING:pe_image_reader.cc(281)] could not read dos header from C:\windows\SYSTEM32\WS2_32.dll
[1027/212912:ERROR:process_reader_win.cc(233)] ReadMemory at 0x772a0000 of 64 bytes failed: 仅完成部分的 ReadProcessMemory 或 WriteProcessMemory 请求。 (0x12B)
[1027/212912:WARNING:pe_image_reader.cc(281)] could not read dos header from C:\windows\SYSTEM32\NETAPI32.dll
[1027/212912:ERROR:process_reader_win.cc(233)] ReadMemory at 0x73350000 of 64 bytes failed: 仅完成部分的 ReadProcessMemory 或 WriteProcessMemory 请求。 (0x12B)
[1027/212912:WARNING:pe_image_reader.cc(281)] could not read dos header from C:\windows\SYSTEM32\NETUTILS.DLL
[1027/212912:ERROR:process_reader_win.cc(233)] ReadMemory at 0x732a0000 of 64 bytes failed: 仅完成部分的 ReadProcessMemory 或 WriteProcessMemory 请求。 (0x12B)
[1027/212912:WARNING:pe_image_reader.cc(281)] could not read dos header from C:\windows\SYSTEM32\bcrypt.dll
[1027/212912:ERROR:process_reader_win.cc(233)] ReadMemory at 0x732c0000 of 64 bytes failed: 仅完成部分的 ReadProcessMemory 或 WriteProcessMemory 请求。 (0x12B)
[1027/212912:WARNING:pe_image_reader.cc(281)] could not read dos header from C:\windows\SYSTEM32\WKSCLI.DLL
[1027/212912:ERROR:process_reader_win.cc(233)] ReadMemory at 0x6edb0000 of 64 bytes failed: 仅完成部分的 ReadProcessMemory 或 WriteProcessMemory 请求。 (0x12B)
[1027/212912:WARNING:pe_image_reader.cc(281)] could not read dos header from D:\Program Files\360\360SAFE\safemon\safemon.dll
[1027/212912:ERROR:process_reader_win.cc(233)] ReadMemory at 0x6fbd0000 of 64 bytes failed: 仅完成部分的 ReadProcessMemory 或 WriteProcessMemory 请求。 (0x12B)
[1027/212912:WARNING:pe_image_reader.cc(281)] could not read dos header from D:\Program Files\360\360SAFE\safemon\iNetSafe.dll
[1027/212912:ERROR:process_reader_win.cc(233)] ReadMemory at 0x74730000 of 64 bytes failed: 仅完成部分的 ReadProcessMemory 或 WriteProcessMemory 请求。 (0x12B)
[1027/212912:WARNING:pe_image_reader.cc(281)] could not read dos header from C:\windows\SYSTEM32\USERENV.dll
[1027/212912:ERROR:process_reader_win.cc(233)] ReadMemory at 0x741b0000 of 64 bytes failed: 仅完成部分的 ReadProcessMemory 或 WriteProcessMemory 请求。 (0x12B)
[1027/212912:WARNING:pe_image_reader.cc(281)] could not read dos header from C:\windows\SYSTEM32\dbghelp.dll
[1027/212912:ERROR:process_reader_win.cc(233)] ReadMemory at 0x70200000 of 64 bytes failed: 仅完成部分的 ReadProcessMemory 或 WriteProcessMemory 请求。 (0x12B)
[1027/212912:WARNING:pe_image_reader.cc(281)] could not read dos header from C:\windows\WinSxS\x86_microsoft.windows.common-controls_6595b64144ccf1df_6.0.10586.0_none_d3c2e4e965da4528\COMCTL32.dll
[1027/212912:ERROR:process_reader_win.cc(233)] ReadMemory at 0x75ab0000 of 64 bytes failed: 仅完成部分的 ReadProcessMemory 或 WriteProcessMemory 请求。 (0x12B)
[1027/212912:WARNING:pe_image_reader.cc(281)] could not read dos header from C:\windows\SYSTEM32\FirewallAPI.dll
[1027/212912:ERROR:process_reader_win.cc(233)] ReadMemory at 0x72fb0000 of 64 bytes failed: 仅完成部分的 ReadProcessMemory 或 WriteProcessMemory 请求。 (0x12B)
[1027/212912:WARNING:pe_image_reader.cc(281)] could not read dos header from C:\windows\SYSTEM32\fwbase.dll
[1027/212912:ERROR:process_reader_win.cc(233)] ReadMemory at 0x73360000 of 64 bytes failed: 仅完成部分的 ReadProcessMemory 或 WriteProcessMemory 请求。 (0x12B)
[1027/212912:WARNING:pe_image_reader.cc(281)] could not read dos header from C:\windows\SYSTEM32\DAVHLPR.DLL
[1027/212912:ERROR:process_reader_win.cc(233)] ReadMemory at 0x75c70000 of 64 bytes failed: 仅完成部分的 ReadProcessMemory 或 WriteProcessMemory 请求。 (0x12B)
[1027/212912:WARNING:pe_image_reader.cc(281)] could not read dos header from C:\windows\SYSTEM32\COMDLG32.dll
[1027/212912:ERROR:process_reader_win.cc(233)] ReadMemory at 0x6a760000 of 64 bytes failed: 仅完成部分的 ReadProcessMemory 或 WriteProcessMemory 请求。 (0x12B)
[1027/212912:WARNING:pe_image_reader.cc(281)] could not read dos header from C:\windows\SYSTEM32\USP10.dll
[1027/212912:ERROR:process_reader_win.cc(233)] ReadMemory at 0x698e0000 of 64 bytes failed: 仅完成部分的 ReadProcessMemory 或 WriteProcessMemory 请求。 (0x12B)
[1027/212912:WARNING:pe_image_reader.cc(281)] could not read dos header from C:\windows\SYSTEM32\WINSPOOL.DRV
[1027/212912:ERROR:process_reader_win.cc(233)] ReadMemory at 0x74550000 of 64 bytes failed: 仅完成部分的 ReadProcessMemory 或 WriteProcessMemory 请求。 (0x12B)
[1027/212912:WARNING:pe_image_reader.cc(281)] could not read dos header from C:\windows\SYSTEM32\IPHLPAPI.DLL
[1027/212912:ERROR:process_reader_win.cc(233)] ReadMemory at 0x73e80000 of 64 bytes failed: 仅完成部分的 ReadProcessMemory 或 WriteProcessMemory 请求。 (0x12B)
[1027/212912:WARNING:pe_image_reader.cc(281)] could not read dos header from C:\windows\SYSTEM32\Secur32.dll
[1027/212912:ERROR:process_reader_win.cc(233)] ReadMemory at 0x6f3d0000 of 64 bytes failed: 仅完成部分的 ReadProcessMemory 或 WriteProcessMemory 请求。 (0x12B)
[1027/212912:WARNING:pe_image_reader.cc(281)] could not read dos header from C:\windows\SYSTEM32\DWrite.dll
[1027/212912:ERROR:process_reader_win.cc(233)] ReadMemory at 0x75d70000 of 64 bytes failed: 仅完成部分的 ReadProcessMemory 或 WriteProcessMemory 请求。 (0x12B)
[1027/212912:WARNING:pe_image_reader.cc(281)] could not read dos header from C:\windows\SYSTEM32\MSASN1.dll
[1027/212912:ERROR:process_reader_win.cc(233)] ReadMemory at 0x753a0000 of 64 bytes failed: 仅完成部分的 ReadProcessMemory 或 WriteProcessMemory 请求。 (0x12B)
[1027/212912:WARNING:pe_image_reader.cc(281)] could not read dos header from C:\windows\SYSTEM32\CRYPT32.dll
[1027/212912:ERROR:process_reader_win.cc(233)] ReadMemory at 0x74fb0000 of 64 bytes failed: 仅完成部分的 ReadProcessMemory 或 WriteProcessMemory 请求。 (0x12B)
[1027/212912:WARNING:pe_image_reader.cc(281)] could not read dos header from C:\windows\SYSTEM32\WINTRUST.dll
[1027/212912:ERROR:process_reader_win.cc(233)] ReadMemory at 0x5c1e0000 of 64 bytes failed: 仅完成部分的 ReadProcessMemory 或 WriteProcessMemory 请求。 (0x12B)
[1027/212912:WARNING:pe_image_reader.cc(281)] could not read dos header from C:\Program Files (x86)\Google\Chrome\Application\54.0.2840.71\chrome_child.dll
[1027/212912:ERROR:process_reader_win.cc(233)] ReadMemory at 0xb60000 of 64 bytes failed: 仅完成部分的 ReadProcessMemory 或 WriteProcessMemory 请求。 (0x12B)
[1027/212912:WARNING:pe_image_reader.cc(281)] could not read dos header from C:\Program Files (x86)\Google\Chrome\Application\chrome.exe
[1027/212912:ERROR:process_reader_win.cc(233)] ReadMemory at 0x77ad0000 of 64 bytes failed: 仅完成部分的 ReadProcessMemory 或 WriteProcessMemory 请求。 (0x12B)
[1027/212912:WARNING:pe_image_reader.cc(281)] could not read dos header from C:\windows\SYSTEM32\ntdll.dll
[1027/212912:ERROR:process_reader_win.cc(233)] ReadMemory at 0x74b70000 of 64 bytes failed: 仅完成部分的 ReadProcessMemory 或 WriteProcessMemory 请求。 (0x12B)
[1027/212912:WARNING:pe_image_reader.cc(281)] could not read dos header from C:\windows\SYSTEM32\KERNELBASE.dll
[1027/212912:ERROR:process_reader_win.cc(233)] ReadMemory at 0x75b40000 of 64 bytes failed: 仅完成部分的 ReadProcessMemory 或 WriteProcessMemory 请求。 (0x12B)
[1027/212912:WARNING:pe_image_reader.cc(281)] could not read dos header from C:\windows\SYSTEM32\KERNEL32.DLL
[1027/212912:ERROR:process_reader_win.cc(233)] ReadMemory at 0x74750000 of 64 bytes failed: 仅完成部分的 ReadProcessMemory 或 WriteProcessMemory 请求。 (0x12B)
[1027/212912:WARNING:pe_image_reader.cc(281)] could not read dos header from C:\windows\system32\apphelp.dll
[1027/212912:ERROR:process_reader_win.cc(233)] ReadMemory at 0x77560000 of 64 bytes failed: 仅完成部分的 ReadProcessMemory 或 WriteProcessMemory 请求。 (0x12B)
[1027/212912:WARNING:pe_image_reader.cc(281)] could not read dos header from C:\windows\SYSTEM32\msvcrt.dll
[1027/212912:ERROR:process_reader_win.cc(233)] ReadMemory at 0x74820000 of 64 bytes failed: 仅完成部分的 ReadProcessMemory 或 WriteProcessMemory 请求。 (0x12B)
[1027/212912:WARNING:pe_image_reader.cc(281)] could not read dos header from C:\windows\SYSTEM32\bcryptPrimitives.dll
[1027/212912:ERROR:process_reader_win.cc(233)] ReadMemory at 0x747f0000 of 64 bytes failed: 仅完成部分的 ReadProcessMemory 或 WriteProcessMemory 请求。 (0x12B)
[1027/212912:WARNING:pe_image_reader.cc(281)] could not read dos header from C:\windows\SYSTEM32\CRYPTBASE.dll
[1027/212912:ERROR:process_reader_win.cc(233)] ReadMemory at 0x74800000 of 64 bytes failed: 仅完成部分的 ReadProcessMemory 或 WriteProcessMemory 请求。 (0x12B)
[1027/212912:WARNING:pe_image_reader.cc(281)] could not read dos header from C:\windows\SYSTEM32\SspiCli.dll
[1027/212912:ERROR:process_reader_win.cc(233)] ReadMemory at 0x74ac0000 of 64 bytes failed: 仅完成部分的 ReadProcessMemory 或 WriteProcessMemory 请求。 (0x12B)
[1027/212912:WARNING:pe_image_reader.cc(281)] could not read dos header from C:\windows\SYSTEM32\RPCRT4.dll
[1027/212912:ERROR:process_reader_win.cc(233)] ReadMemory at 0x77510000 of 64 bytes failed: 仅完成部分的 ReadProcessMemory 或 WriteProcessMemory 请求。 (0x12B)
[1027/212912:WARNING:pe_image_reader.cc(281)] could not read dos header from C:\windows\SYSTEM32\sechost.dll
[1027/212912:ERROR:process_reader_win.cc(233)] ReadMemory at 0x74a40000 of 64 bytes failed: 仅完成部分的 ReadProcessMemory 或 WriteProcessMemory 请求。 (0x12B)
[1027/212912:WARNING:pe_image_reader.cc(281)] could not read dos header from C:\windows\SYSTEM32\ADVAPI32.dll
[1027/212912:ERROR:process_reader_win.cc(233)] ReadMemory at 0x74710000 of 64 bytes failed: 仅完成部分的 ReadProcessMemory 或 WriteProcessMemory 请求。 (0x12B)
[1027/212912:WARNING:pe_image_reader.cc(281)] could not read dos header from C:\windows\SYSTEM32\VERSION.dll
[1027/212912:ERROR:process_reader_win.cc(233)] ReadMemory at 0x73200000 of 64 bytes failed: 仅完成部分的 ReadProcessMemory 或 WriteProcessMemory 请求。 (0x12B)
[1027/212912:WARNING:pe_image_reader.cc(281)] could not read dos header from C:\Program Files (x86)\Google\Chrome\Application\54.0.2840.71\chrome_elf.dll
[1027/212912:ERROR:process_reader_win.cc(233)] ReadMemory at 0x74880000 of 64 bytes failed: 仅完成部分的 ReadProcessMemory 或 WriteProcessMemory 请求。 (0x12B)
[1027/212912:WARNING:pe_image_reader.cc(281)] could not read dos header from C:\windows\SYSTEM32\cfgmgr32.dll
[1027/212912:ERROR:process_reader_win.cc(233)] ReadMemory at 0x75010000 of 64 bytes failed: 仅完成部分的 ReadProcessMemory 或 WriteProcessMemory 请求。 (0x12B)
[1027/212912:WARNING:pe_image_reader.cc(281)] could not read dos header from C:\windows\SYSTEM32\combase.dll
[1027/212912:ERROR:process_reader_win.cc(233)] ReadMemory at 0x77320000 of 64 bytes failed: 仅完成部分的 ReadProcessMemory 或 WriteProcessMemory 请求。 (0x12B)
[1027/212912:WARNING:pe_image_reader.cc(281)] could not read dos header from C:\windows\SYSTEM32\USER32.dll
[1027/212912:ERROR:process_reader_win.cc(233)] ReadMemory at 0x74d90000 of 64 bytes failed: 仅完成部分的 ReadProcessMemory 或 WriteProcessMemory 请求。 (0x12B)
[1027/212912:WARNING:pe_image_reader.cc(281)] could not read dos header from C:\windows\SYSTEM32\GDI32.dll
[1027/212912:ERROR:process_reader_win.cc(233)] ReadMemory at 0x75b10000 of 64 bytes failed: 仅完成部分的 ReadProcessMemory 或 WriteProcessMemory 请求。 (0x12B)
[1027/212912:WARNING:pe_image_reader.cc(281)] could not read dos header from C:\windows\SYSTEM32\IMM32.DLL
[1027/212912:ERROR:process_reader_win.cc(233)] ReadMemory at 0x772c0000 of 64 bytes failed: 仅完成部分的 ReadProcessMemory 或 WriteProcessMemory 请求。 (0x12B)
[1027/212912:WARNING:pe_image_reader.cc(281)] could not read dos header from C:\windows\SYSTEM32\shlwapi.dll
[1027/212912:ERROR:process_reader_win.cc(233)] ReadMemory at 0x75000000 of 64 bytes failed: 仅完成部分的 ReadProcessMemory 或 WriteProcessMemory 请求。 (0x12B)
[1027/212912:WARNING:pe_image_reader.cc(281)] could not read dos header from C:\windows\SYSTEM32\kernel.appcore.dll
[1027/212912:ERROR:process_reader_win.cc(233)] ReadMemory at 0x748c0000 of 64 bytes failed: 仅完成部分的 ReadProcessMemory 或 WriteProcessMemory 请求。 (0x12B)
[1027/212912:WARNING:pe_image_reader.cc(281)] could not read dos header from C:\windows\SYSTEM32\shcore.dll
[1027/212912:ERROR:process_reader_win.cc(233)] ReadMemory at 0x75c20000 of 64 bytes failed: 仅完成部分的 ReadProcessMemory 或 WriteProcessMemory 请求。 (0x12B)
[1027/212912:WARNING:pe_image_reader.cc(281)] could not read dos header from C:\windows\SYSTEM32\powrprof.dll
[1027/212912:ERROR:process_reader_win.cc(233)] ReadMemory at 0x77ac0000 of 64 bytes failed: 仅完成部分的 ReadProcessMemory 或 WriteProcessMemory 请求。 (0x12B)
[1027/212912:WARNING:pe_image_reader.cc(281)] could not read dos header from C:\windows\SYSTEM32\profapi.dll
[1027/212912:ERROR:process_reader_win.cc(233)] ReadMemory at 0x755b0000 of 64 bytes failed: 仅完成部分的 ReadProcessMemory 或 WriteProcessMemory 请求。 (0x12B)
[1027/212912:WARNING:pe_image_reader.cc(281)] could not read dos header from C:\windows\SYSTEM32\windows.storage.dll
[1027/212912:ERROR:process_reader_win.cc(233)] ReadMemory at 0x75ea0000 of 64 bytes failed: 仅完成部分的 ReadProcessMemory 或 WriteProcessMemory 请求。 (0x12B)
[1027/212912:WARNING:pe_image_reader.cc(281)] could not read dos header from C:\windows\SYSTEM32\SHELL32.dll
[1027/212912:ERROR:process_reader_win.cc(233)] ReadMemory at 0x742f0000 of 64 bytes failed: 仅完成部分的 ReadProcessMemory 或 WriteProcessMemory 请求。 (0x12B)
[1027/212912:WARNING:pe_image_reader.cc(281)] could not read dos header from C:\windows\SYSTEM32\WINMMBASE.dll
[1027/212912:ERROR:process_reader_win.cc(233)] ReadMemory at 0x74320000 of 64 bytes failed: 仅完成部分的 ReadProcessMemory 或 WriteProcessMemory 请求。 (0x12B)
[1027/212912:WARNING:pe_image_reader.cc(281)] could not read dos header from C:\windows\SYSTEM32\WINMM.dll
[1027/212912:ERROR:process_reader_win.cc(233)] ReadMemory at 0x74720000 of 64 bytes failed: 仅完成部分的 ReadProcessMemory 或 WriteProcessMemory 请求。 (0x12B)
[1027/212912:WARNING:pe_image_reader.cc(281)] could not read dos header from C:\windows\SYSTEM32\WTSAPI32.dll
[1027/212912:ERROR:process_reader_win.cc(233)] ReadMemory at 0x74110000 of 64 bytes failed: 仅完成部分的 ReadProcessMemory 或 WriteProcessMemory 请求。 (0x12B)
[1027/212912:WARNING:pe_image_reader.cc(281)] could not read dos header from C:\windows\SYSTEM32\WINHTTP.dll
[1027/212912:ERROR:process_reader_win.cc(233)] ReadMemory at 0x74950000 of 64 bytes failed: 仅完成部分的 ReadProcessMemory 或 WriteProcessMemory 请求。 (0x12B)
[1027/212912:WARNING:pe_image_reader.cc(281)] could not read dos header from C:\windows\SYSTEM32\ole32.dll
[1027/212912:ERROR:process_reader_win.cc(233)] ReadMemory at 0x74cf0000 of 64 bytes failed: 仅完成部分的 ReadProcessMemory 或 WriteProcessMemory 请求。 (0x12B)
[1027/212912:WARNING:pe_image_reader.cc(281)] could not read dos header from C:\windows\SYSTEM32\OLEAUT32.dll
[1027/212912:ERROR:process_reader_win.cc(233)] ReadMemory at 0x75540000 of 64 bytes failed: 仅完成部分的 ReadProcessMemory 或 WriteProcessMemory 请求。 (0x12B)
[1027/212912:WARNING:pe_image_reader.cc(281)] could not read dos header from C:\windows\SYSTEM32\PSAPI.DLL
[1027/212912:ERROR:process_reader_win.cc(233)] ReadMemory at 0x74ee0000 of 64 bytes failed: 仅完成部分的 ReadProcessMemory 或 WriteProcessMemory 请求。 (0x12B)
[1027/212912:WARNING:pe_image_reader.cc(281)] could not read dos header from C:\windows\SYSTEM32\WS2_32.dll
[1027/212912:ERROR:process_reader_win.cc(233)] ReadMemory at 0x772a0000 of 64 bytes failed: 仅完成部分的 ReadProcessMemory 或 WriteProcessMemory 请求。 (0x12B)
[1027/212912:WARNING:pe_image_reader.cc(281)] could not read dos header from C:\windows\SYSTEM32\NETAPI32.dll
[1027/212912:ERROR:process_reader_win.cc(233)] ReadMemory at 0x73350000 of 64 bytes failed: 仅完成部分的 ReadProcessMemory 或 WriteProcessMemory 请求。 (0x12B)
[1027/212912:WARNING:pe_image_reader.cc(281)] could not read dos header from C:\windows\SYSTEM32\NETUTILS.DLL
[1027/212912:ERROR:process_reader_win.cc(233)] ReadMemory at 0x732a0000 of 64 bytes failed: 仅完成部分的 ReadProcessMemory 或 WriteProcessMemory 请求。 (0x12B)
[1027/212912:WARNING:pe_image_reader.cc(281)] could not read dos header from C:\windows\SYSTEM32\bcrypt.dll
[1027/212912:ERROR:process_reader_win.cc(233)] ReadMemory at 0x732c0000 of 64 bytes failed: 仅完成部分的 ReadProcessMemory 或 WriteProcessMemory 请求。 (0x12B)
[1027/212912:WARNING:pe_image_reader.cc(281)] could not read dos header from C:\windows\SYSTEM32\WKSCLI.DLL
[1027/212912:ERROR:process_reader_win.cc(233)] ReadMemory at 0x6edb0000 of 64 bytes failed: 仅完成部分的 ReadProcessMemory 或 WriteProcessMemory 请求。 (0x12B)
[1027/212912:WARNING:pe_image_reader.cc(281)] could not read dos header from D:\Program Files\360\360SAFE\safemon\safemon.dll
[1027/212912:ERROR:process_reader_win.cc(233)] ReadMemory at 0x6fbd0000 of 64 bytes failed: 仅完成部分的 ReadProcessMemory 或 WriteProcessMemory 请求。 (0x12B)
[1027/212912:WARNING:pe_image_reader.cc(281)] could not read dos header from D:\Program Files\360\360SAFE\safemon\iNetSafe.dll
[1027/212912:ERROR:process_reader_win.cc(233)] ReadMemory at 0x74730000 of 64 bytes failed: 仅完成部分的 ReadProcessMemory 或 WriteProcessMemory 请求。 (0x12B)
[1027/212912:WARNING:pe_image_reader.cc(281)] could not read dos header from C:\windows\SYSTEM32\USERENV.dll
[1027/212912:ERROR:process_reader_win.cc(233)] ReadMemory at 0x741b0000 of 64 bytes failed: 仅完成部分的 ReadProcessMemory 或 WriteProcessMemory 请求。 (0x12B)
[1027/212912:WARNING:pe_image_reader.cc(281)] could not read dos header from C:\windows\SYSTEM32\dbghelp.dll
[1027/212912:ERROR:process_reader_win.cc(233)] ReadMemory at 0x70200000 of 64 bytes failed: 仅完成部分的 ReadProcessMemory 或 WriteProcessMemory 请求。 (0x12B)
[1027/212912:WARNING:pe_image_reader.cc(281)] could not read dos header from C:\windows\WinSxS\x86_microsoft.windows.common-controls_6595b64144ccf1df_6.0.10586.0_none_d3c2e4e965da4528\COMCTL32.dll
[1027/212912:ERROR:process_reader_win.cc(233)] ReadMemory at 0x75ab0000 of 64 bytes failed: 仅完成部分的 ReadProcessMemory 或 WriteProcessMemory 请求。 (0x12B)
[1027/212912:WARNING:pe_image_reader.cc(281)] could not read dos header from C:\windows\SYSTEM32\FirewallAPI.dll
[1027/212912:ERROR:process_reader_win.cc(233)] ReadMemory at 0x72fb0000 of 64 bytes failed: 仅完成部分的 ReadProcessMemory 或 WriteProcessMemory 请求。 (0x12B)
[1027/212912:WARNING:pe_image_reader.cc(281)] could not read dos header from C:\windows\SYSTEM32\fwbase.dll
[1027/212912:ERROR:process_reader_win.cc(233)] ReadMemory at 0x73360000 of 64 bytes failed: 仅完成部分的 ReadProcessMemory 或 WriteProcessMemory 请求。 (0x12B)
[1027/212912:WARNING:pe_image_reader.cc(281)] could not read dos header from C:\windows\SYSTEM32\DAVHLPR.DLL
[1027/212912:ERROR:process_reader_win.cc(233)] ReadMemory at 0x75c70000 of 64 bytes failed: 仅完成部分的 ReadProcessMemory 或 WriteProcessMemory 请求。 (0x12B)
[1027/212912:WARNING:pe_image_reader.cc(281)] could not read dos header from C:\windows\SYSTEM32\COMDLG32.dll
[1027/212912:ERROR:process_reader_win.cc(233)] ReadMemory at 0x6a760000 of 64 bytes failed: 仅完成部分的 ReadProcessMemory 或 WriteProcessMemory 请求。 (0x12B)
[1027/212912:WARNING:pe_image_reader.cc(281)] could not read dos header from C:\windows\SYSTEM32\USP10.dll
[1027/212912:ERROR:process_reader_win.cc(233)] ReadMemory at 0x698e0000 of 64 bytes failed: 仅完成部分的 ReadProcessMemory 或 WriteProcessMemory 请求。 (0x12B)
[1027/212912:WARNING:pe_image_reader.cc(281)] could not read dos header from C:\windows\SYSTEM32\WINSPOOL.DRV
[1027/212912:ERROR:process_reader_win.cc(233)] ReadMemory at 0x74550000 of 64 bytes failed: 仅完成部分的 ReadProcessMemory 或 WriteProcessMemory 请求。 (0x12B)
[1027/212912:WARNING:pe_image_reader.cc(281)] could not read dos header from C:\windows\SYSTEM32\IPHLPAPI.DLL
[1027/212912:ERROR:process_reader_win.cc(233)] ReadMemory at 0x73e80000 of 64 bytes failed: 仅完成部分的 ReadProcessMemory 或 WriteProcessMemory 请求。 (0x12B)
[1027/212912:WARNING:pe_image_reader.cc(281)] could not read dos header from C:\windows\SYSTEM32\Secur32.dll
[1027/212912:ERROR:process_reader_win.cc(233)] ReadMemory at 0x6f3d0000 of 64 bytes failed: 仅完成部分的 ReadProcessMemory 或 WriteProcessMemory 请求。 (0x12B)
[1027/212912:WARNING:pe_image_reader.cc(281)] could not read dos header from C:\windows\SYSTEM32\DWrite.dll
[1027/212912:ERROR:process_reader_win.cc(233)] ReadMemory at 0x75d70000 of 64 bytes failed: 仅完成部分的 ReadProcessMemory 或 WriteProcessMemory 请求。 (0x12B)
[1027/212912:WARNING:pe_image_reader.cc(281)] could not read dos header from C:\windows\SYSTEM32\MSASN1.dll
[1027/212912:ERROR:process_reader_win.cc(233)] ReadMemory at 0x753a0000 of 64 bytes failed: 仅完成部分的 ReadProcessMemory 或 WriteProcessMemory 请求。 (0x12B)
[1027/212912:WARNING:pe_image_reader.cc(281)] could not read dos header from C:\windows\SYSTEM32\CRYPT32.dll
[1027/212912:ERROR:process_reader_win.cc(233)] ReadMemory at 0x74fb0000 of 64 bytes failed: 仅完成部分的 ReadProcessMemory 或 WriteProcessMemory 请求。 (0x12B)
[1027/212912:WARNING:pe_image_reader.cc(281)] could not read dos header from C:\windows\SYSTEM32\WINTRUST.dll
[1027/212912:ERROR:process_reader_win.cc(233)] ReadMemory at 0x5c1e0000 of 64 bytes failed: 仅完成部分的 ReadProcessMemory 或 WriteProcessMemory 请求。 (0x12B)
[1027/212912:WARNING:pe_image_reader.cc(281)] could not read dos header from C:\Program Files (x86)\Google\Chrome\Application\54.0.2840.71\chrome_child.dll
[1027/212912:ERROR:process_reader_win.cc(233)] ReadMemory at 0x196000 of 40960 bytes failed: 仅完成部分的 ReadProcessMemory 或 WriteProcessMemory 请求。 (0x12B)
[1027/212912:ERROR:crash_report_exception_handler.cc(98)] WriteEverything failed
[1027/212912:ERROR:scoped_process_suspend.cc(38)] NtResumeProcess: 已尝试访问正在退出的过程。  (0xc000010a)
[1027/231500:ERROR:process_reader_win.cc(233)] ReadMemory at 0x5c1e0000 of 64 bytes failed: 仅完成部分的 ReadProcessMemory 或 WriteProcessMemory 请求。 (0x12B)
[1027/231500:WARNING:pe_image_reader.cc(281)] could not read dos header from C:\Program Files (x86)\Google\Chrome\Application\54.0.2840.71\chrome_child.dll
[1027/231500:ERROR:process_reader_win.cc(233)] ReadMemory at 0x74710000 of 64 bytes failed: 仅完成部分的 ReadProcessMemory 或 WriteProcessMemory 请求。 (0x12B)
[1027/231500:WARNING:pe_image_reader.cc(281)] could not read dos header from C:\windows\SYSTEM32\VERSION.dll
[1027/231500:ERROR:process_reader_win.cc(233)] ReadMemory at 0x73200000 of 64 bytes failed: 仅完成部分的 ReadProcessMemory 或 WriteProcessMemory 请求。 (0x12B)
[1027/231500:WARNING:pe_image_reader.cc(281)] could not read dos header from C:\Program Files (x86)\Google\Chrome\Application\54.0.2840.71\chrome_elf.dll
[1027/231500:ERROR:process_reader_win.cc(233)] ReadMemory at 0x748c0000 of 64 bytes failed: 仅完成部分的 ReadProcessMemory 或 WriteProcessMemory 请求。 (0x12B)
[1027/231500:WARNING:pe_image_reader.cc(281)] could not read dos header from C:\windows\SYSTEM32\shcore.dll
[1027/231500:ERROR:process_reader_win.cc(233)] ReadMemory at 0x742f0000 of 64 bytes failed: 仅完成部分的 ReadProcessMemory 或 WriteProcessMemory 请求。 (0x12B)
[1027/231500:WARNING:pe_image_reader.cc(281)] could not read dos header from C:\windows\SYSTEM32\WINMMBASE.dll
[1027/231500:ERROR:process_reader_win.cc(233)] ReadMemory at 0x74320000 of 64 bytes failed: 仅完成部分的 ReadProcessMemory 或 WriteProcessMemory 请求。 (0x12B)
[1027/231500:WARNING:pe_image_reader.cc(281)] could not read dos header from C:\windows\SYSTEM32\WINMM.dll
[1027/231500:ERROR:process_reader_win.cc(233)] ReadMemory at 0x74720000 of 64 bytes failed: 仅完成部分的 ReadProcessMemory 或 WriteProcessMemory 请求。 (0x12B)
[1027/231500:WARNING:pe_image_reader.cc(281)] could not read dos header from C:\windows\SYSTEM32\WTSAPI32.dll
[1027/231500:ERROR:process_reader_win.cc(233)] ReadMemory at 0x74110000 of 64 bytes failed: 仅完成部分的 ReadProcessMemory 或 WriteProcessMemory 请求。 (0x12B)
[1027/231500:WARNING:pe_image_reader.cc(281)] could not read dos header from C:\windows\SYSTEM32\WINHTTP.dll
[1027/231500:ERROR:process_reader_win.cc(233)] ReadMemory at 0x74950000 of 64 bytes failed: 仅完成部分的 ReadProcessMemory 或 WriteProcessMemory 请求。 (0x12B)
[1027/231500:WARNING:pe_image_reader.cc(281)] could not read dos header from C:\windows\SYSTEM32\ole32.dll
[1027/231500:ERROR:process_reader_win.cc(233)] ReadMemory at 0x74cf0000 of 64 bytes failed: 仅完成部分的 ReadProcessMemory 或 WriteProcessMemory 请求。 (0x12B)
[1027/231500:WARNING:pe_image_reader.cc(281)] could not read dos header from C:\windows\SYSTEM32\OLEAUT32.dll
[1027/231500:ERROR:process_reader_win.cc(233)] ReadMemory at 0x75540000 of 64 bytes failed: 仅完成部分的 ReadProcessMemory 或 WriteProcessMemory 请求。 (0x12B)
[1027/231500:WARNING:pe_image_reader.cc(281)] could not read dos header from C:\windows\SYSTEM32\PSAPI.DLL
[1027/231500:ERROR:process_reader_win.cc(233)] ReadMemory at 0x74ee0000 of 64 bytes failed: 仅完成部分的 ReadProcessMemory 或 WriteProcessMemory 请求。 (0x12B)
[1027/231500:WARNING:pe_image_reader.cc(281)] could not read dos header from C:\windows\SYSTEM32\WS2_32.dll
[1027/231500:ERROR:process_reader_win.cc(233)] ReadMemory at 0x73350000 of 64 bytes failed: 仅完成部分的 ReadProcessMemory 或 WriteProcessMemory 请求。 (0x12B)
[1027/231500:WARNING:pe_image_reader.cc(281)] could not read dos header from C:\windows\SYSTEM32\NETUTILS.DLL
[1027/231500:ERROR:process_reader_win.cc(233)] ReadMemory at 0x732a0000 of 64 bytes failed: 仅完成部分的 ReadProcessMemory 或 WriteProcessMemory 请求。 (0x12B)
[1027/231500:WARNING:pe_image_reader.cc(281)] could not read dos header from C:\windows\SYSTEM32\bcrypt.dll
[1027/231500:ERROR:process_reader_win.cc(233)] ReadMemory at 0x732c0000 of 64 bytes failed: 仅完成部分的 ReadProcessMemory 或 WriteProcessMemory 请求。 (0x12B)
[1027/231500:WARNING:pe_image_reader.cc(281)] could not read dos header from C:\windows\SYSTEM32\WKSCLI.DLL
[1027/231500:ERROR:process_reader_win.cc(233)] ReadMemory at 0x6edb0000 of 64 bytes failed: 仅完成部分的 ReadProcessMemory 或 WriteProcessMemory 请求。 (0x12B)
[1027/231500:WARNING:pe_image_reader.cc(281)] could not read dos header from D:\Program Files\360\360SAFE\safemon\safemon.dll
[1027/231500:ERROR:process_reader_win.cc(233)] ReadMemory at 0x6fbd0000 of 64 bytes failed: 仅完成部分的 ReadProcessMemory 或 WriteProcessMemory 请求。 (0x12B)
[1027/231500:WARNING:pe_image_reader.cc(281)] could not read dos header from D:\Program Files\360\360SAFE\safemon\iNetSafe.dll
[1027/231500:ERROR:process_reader_win.cc(233)] ReadMemory at 0x74730000 of 64 bytes failed: 仅完成部分的 ReadProcessMemory 或 WriteProcessMemory 请求。 (0x12B)
[1027/231500:WARNING:pe_image_reader.cc(281)] could not read dos header from C:\windows\SYSTEM32\USERENV.dll
[1027/231500:ERROR:process_reader_win.cc(233)] ReadMemory at 0x741b0000 of 64 bytes failed: 仅完成部分的 ReadProcessMemory 或 WriteProcessMemory 请求。 (0x12B)
[1027/231500:WARNING:pe_image_reader.cc(281)] could not read dos header from C:\windows\SYSTEM32\dbghelp.dll
[1027/231500:ERROR:process_reader_win.cc(233)] ReadMemory at 0x70200000 of 64 bytes failed: 仅完成部分的 ReadProcessMemory 或 WriteProcessMemory 请求。 (0x12B)
[1027/231500:WARNING:pe_image_reader.cc(281)] could not read dos header from C:\windows\WinSxS\x86_microsoft.windows.common-controls_6595b64144ccf1df_6.0.10586.0_none_d3c2e4e965da4528\COMCTL32.dll
[1027/231500:ERROR:process_reader_win.cc(233)] ReadMemory at 0x75ab0000 of 64 bytes failed: 仅完成部分的 ReadProcessMemory 或 WriteProcessMemory 请求。 (0x12B)
[1027/231500:WARNING:pe_image_reader.cc(281)] could not read dos header from C:\windows\SYSTEM32\FirewallAPI.dll
[1027/231500:ERROR:process_reader_win.cc(233)] ReadMemory at 0x72fb0000 of 64 bytes failed: 仅完成部分的 ReadProcessMemory 或 WriteProcessMemory 请求。 (0x12B)
[1027/231500:WARNING:pe_image_reader.cc(281)] could not read dos header from C:\windows\SYSTEM32\fwbase.dll
[1027/231500:ERROR:process_reader_win.cc(233)] ReadMemory at 0x73360000 of 64 bytes failed: 仅完成部分的 ReadProcessMemory 或 WriteProcessMemory 请求。 (0x12B)
[1027/231500:WARNING:pe_image_reader.cc(281)] could not read dos header from C:\windows\SYSTEM32\DAVHLPR.DLL
[1027/231500:ERROR:process_reader_win.cc(233)] ReadMemory at 0x75c70000 of 64 bytes failed: 仅完成部分的 ReadProcessMemory 或 WriteProcessMemory 请求。 (0x12B)
[1027/231500:WARNING:pe_image_reader.cc(281)] could not read dos header from C:\windows\SYSTEM32\COMDLG32.dll
[1027/231500:ERROR:process_reader_win.cc(233)] ReadMemory at 0x6a760000 of 64 bytes failed: 仅完成部分的 ReadProcessMemory 或 WriteProcessMemory 请求。 (0x12B)
[1027/231500:WARNING:pe_image_reader.cc(281)] could not read dos header from C:\windows\SYSTEM32\USP10.dll
[1027/231500:ERROR:process_reader_win.cc(233)] ReadMemory at 0x698e0000 of 64 bytes failed: 仅完成部分的 ReadProcessMemory 或 WriteProcessMemory 请求。 (0x12B)
[1027/231500:WARNING:pe_image_reader.cc(281)] could not read dos header from C:\windows\SYSTEM32\WINSPOOL.DRV
[1027/231500:ERROR:process_reader_win.cc(233)] ReadMemory at 0x74550000 of 64 bytes failed: 仅完成部分的 ReadProcessMemory 或 WriteProcessMemory 请求。 (0x12B)
[1027/231500:WARNING:pe_image_reader.cc(281)] could not read dos header from C:\windows\SYSTEM32\IPHLPAPI.DLL
[1027/231500:ERROR:process_reader_win.cc(233)] ReadMemory at 0x73e80000 of 64 bytes failed: 仅完成部分的 ReadProcessMemory 或 WriteProcessMemory 请求。 (0x12B)
[1027/231500:WARNING:pe_image_reader.cc(281)] could not read dos header from C:\windows\SYSTEM32\Secur32.dll
[1027/231500:ERROR:process_reader_win.cc(233)] ReadMemory at 0x6f3d0000 of 64 bytes failed: 仅完成部分的 ReadProcessMemory 或 WriteProcessMemory 请求。 (0x12B)
[1027/231500:WARNING:pe_image_reader.cc(281)] could not read dos header from C:\windows\SYSTEM32\DWrite.dll
[1027/231500:ERROR:process_reader_win.cc(233)] ReadMemory at 0x75d70000 of 64 bytes failed: 仅完成部分的 ReadProcessMemory 或 WriteProcessMemory 请求。 (0x12B)
[1027/231500:WARNING:pe_image_reader.cc(281)] could not read dos header from C:\windows\SYSTEM32\MSASN1.dll
[1027/231500:ERROR:process_reader_win.cc(233)] ReadMemory at 0x753a0000 of 64 bytes failed: 仅完成部分的 ReadProcessMemory 或 WriteProcessMemory 请求。 (0x12B)
[1027/231500:WARNING:pe_image_reader.cc(281)] could not read dos header from C:\windows\SYSTEM32\CRYPT32.dll
[1027/231500:ERROR:process_reader_win.cc(233)] ReadMemory at 0x74fb0000 of 64 bytes failed: 仅完成部分的 ReadProcessMemory 或 WriteProcessMemory 请求。 (0x12B)
[1027/231500:WARNING:pe_image_reader.cc(281)] could not read dos header from C:\windows\SYSTEM32\WINTRUST.dll
[1027/231500:ERROR:process_reader_win.cc(233)] ReadMemory at 0x5c1e0000 of 64 bytes failed: 仅完成部分的 ReadProcessMemory 或 WriteProcessMemory 请求。 (0x12B)
[1027/231500:WARNING:pe_image_reader.cc(281)] could not read dos header from C:\Program Files (x86)\Google\Chrome\Application\54.0.2840.71\chrome_child.dll
[1027/231500:ERROR:process_reader_win.cc(233)] ReadMemory at 0x185000 of 45056 bytes failed: 仅完成部分的 ReadProcessMemory 或 WriteProcessMemory 请求。 (0x12B)
[1027/231500:ERROR:crash_report_exception_handler.cc(98)] WriteEverything failed
[1027/231500:ERROR:scoped_process_suspend.cc(38)] NtResumeProcess: 已尝试访问正在退出的过程。  (0xc000010a)
